c:\users\jaydo\documents\github\joshnickprojects\joshprojects\graphicsproject\x64\debug\jagengine.pdb
c:\users\jaydo\documents\github\joshnickprojects\joshprojects\graphicsproject\x64\debug\jagengine.idb
c:\users\jaydo\documents\github\joshnickprojects\joshprojects\graphicsproject\jagengine\x64\debug\window.obj
c:\users\jaydo\documents\github\joshnickprojects\joshprojects\graphicsproject\jagengine\x64\debug\texturecache.obj
c:\users\jaydo\documents\github\joshnickprojects\joshprojects\graphicsproject\jagengine\x64\debug\sprite.obj
c:\users\jaydo\documents\github\joshnickprojects\joshprojects\graphicsproject\jagengine\x64\debug\resourcemanager.obj
c:\users\jaydo\documents\github\joshnickprojects\joshprojects\graphicsproject\jagengine\x64\debug\picopng.obj
c:\users\jaydo\documents\github\joshnickprojects\joshprojects\graphicsproject\jagengine\x64\debug\jagengine.obj
c:\users\jaydo\documents\github\joshnickprojects\joshprojects\graphicsproject\jagengine\x64\debug\iomanager.obj
c:\users\jaydo\documents\github\joshnickprojects\joshprojects\graphicsproject\jagengine\x64\debug\imageloader.obj
c:\users\jaydo\documents\github\joshnickprojects\joshprojects\graphicsproject\jagengine\x64\debug\glslprogram.obj
c:\users\jaydo\documents\github\joshnickprojects\joshprojects\graphicsproject\jagengine\x64\debug\errors.obj
c:\users\jaydo\documents\github\joshnickprojects\joshprojects\graphicsproject\x64\debug\jagengine.lib
c:\users\jaydo\documents\github\joshnickprojects\joshprojects\graphicsproject\jagengine\x64\debug\jagengine.tlog\cl.command.1.tlog
c:\users\jaydo\documents\github\joshnickprojects\joshprojects\graphicsproject\jagengine\x64\debug\jagengine.tlog\cl.items.tlog
c:\users\jaydo\documents\github\joshnickprojects\joshprojects\graphicsproject\jagengine\x64\debug\jagengine.tlog\cl.read.1.tlog
c:\users\jaydo\documents\github\joshnickprojects\joshprojects\graphicsproject\jagengine\x64\debug\jagengine.tlog\cl.write.1.tlog
c:\users\jaydo\documents\github\joshnickprojects\joshprojects\graphicsproject\jagengine\x64\debug\jagengine.tlog\lib-link.read.1.tlog
c:\users\jaydo\documents\github\joshnickprojects\joshprojects\graphicsproject\jagengine\x64\debug\jagengine.tlog\lib-link.write.1.tlog
c:\users\jaydo\documents\github\joshnickprojects\joshprojects\graphicsproject\jagengine\x64\debug\jagengine.tlog\lib.command.1.tlog
